<?xml version="1.0" encoding="UTF-8"?>
<testsuite name="com.bbang.admin.domain.posts.PostsRepositoryTest" tests="2" skipped="0" failures="0" errors="0" timestamp="2020-11-12T04:15:54" hostname="DESKTOP-CPD68MH" time="0.03">
  <properties/>
  <testcase name="게시글저장_불러오기" classname="com.bbang.admin.domain.posts.PostsRepositoryTest" time="0.02"/>
  <testcase name="BaseTimeEntity_등록" classname="com.bbang.admin.domain.posts.PostsRepositoryTest" time="0.01"/>
  <system-out><![CDATA[2020-11-12 13:15:52.373  INFO 15464 --- [    Test worker] .b.t.c.SpringBootTestContextBootstrapper : Neither @ContextConfiguration nor @ContextHierarchy found for test class [com.bbang.admin.domain.posts.PostsRepositoryTest], using SpringBootContextLoader
2020-11-12 13:15:52.373  INFO 15464 --- [    Test worker] o.s.t.c.support.AbstractContextLoader    : Could not detect default resource locations for test class [com.bbang.admin.domain.posts.PostsRepositoryTest]: no resource found for suffixes {-context.xml, Context.groovy}.
2020-11-12 13:15:52.373  INFO 15464 --- [    Test worker] t.c.s.AnnotationConfigContextLoaderUtils : Could not detect default configuration classes for test class [com.bbang.admin.domain.posts.PostsRepositoryTest]: PostsRepositoryTest does not declare any static, non-private, non-final, nested classes annotated with @Configuration.
2020-11-12 13:15:52.389  INFO 15464 --- [    Test worker] .b.t.c.SpringBootTestContextBootstrapper : Found @SpringBootConfiguration com.bbang.admin.Application for test class com.bbang.admin.domain.posts.PostsRepositoryTest
2020-11-12 13:15:52.389  INFO 15464 --- [    Test worker] .b.t.c.SpringBootTestContextBootstrapper : Loaded default TestExecutionListener class names from location [META-INF/spring.factories]: [org.springframework.security.test.context.support.WithSecurityContextTestExecutionListener, org.springframework.security.test.context.support.ReactorContextTestExecutionListener, org.springframework.boot.test.autoconfigure.restdocs.RestDocsTestExecutionListener, org.springframework.boot.test.autoconfigure.web.client.MockRestServiceServerResetTestExecutionListener, org.springframework.boot.test.autoconfigure.web.servlet.MockMvcPrintOnlyOnFailureTestExecutionListener, org.springframework.boot.test.autoconfigure.web.servlet.WebDriverTestExecutionListener, org.springframework.boot.test.mock.mockito.MockitoTestExecutionListener, org.springframework.boot.test.mock.mockito.ResetMocksTestExecutionListener, org.springframework.test.context.web.ServletTestExecutionListener, org.springframework.test.context.support.DirtiesContextBeforeModesTestExecutionListener, org.springframework.test.context.support.DependencyInjectionTestExecutionListener, org.springframework.test.context.support.DirtiesContextTestExecutionListener, org.springframework.test.context.transaction.TransactionalTestExecutionListener, org.springframework.test.context.jdbc.SqlScriptsTestExecutionListener]
2020-11-12 13:15:52.389  INFO 15464 --- [    Test worker] .b.t.c.SpringBootTestContextBootstrapper : Using TestExecutionListeners: [org.springframework.test.context.web.ServletTestExecutionListener@7ab6c9d, org.springframework.test.context.support.DirtiesContextBeforeModesTestExecutionListener@6e79453, org.springframework.boot.test.mock.mockito.MockitoTestExecutionListener@147ce11, org.springframework.boot.test.autoconfigure.SpringBootDependencyInjectionTestExecutionListener@55661ea0, org.springframework.test.context.support.DirtiesContextTestExecutionListener@9f55f15, org.springframework.test.context.transaction.TransactionalTestExecutionListener@330a1774, org.springframework.test.context.jdbc.SqlScriptsTestExecutionListener@c827042, org.springframework.security.test.context.support.WithSecurityContextTestExecutionListener@6974fc6c, org.springframework.security.test.context.support.ReactorContextTestExecutionListener@4ada0ba0, org.springframework.boot.test.autoconfigure.restdocs.RestDocsTestExecutionListener@29881438, org.springframework.boot.test.autoconfigure.web.client.MockRestServiceServerResetTestExecutionListener@3697712b, org.springframework.boot.test.autoconfigure.web.servlet.MockMvcPrintOnlyOnFailureTestExecutionListener@78ce7c09, org.springframework.boot.test.autoconfigure.web.servlet.WebDriverTestExecutionListener@6253efbb, org.springframework.boot.test.mock.mockito.ResetMocksTestExecutionListener@b130e1d]

  .   ____          _            __ _ _
 /\\ / ___'_ __ _ _(_)_ __  __ _ \ \ \ \
( ( )\___ | '_ | '_| | '_ \/ _` | \ \ \ \
 \\/  ___)| |_)| | | | | || (_| |  ) ) ) )
  '  |____| .__|_| |_|_| |_\__, | / / / /
 =========|_|==============|___/=/_/_/_/
 :: Spring Boot ::        (v2.1.7.RELEASE)

2020-11-12 13:15:52.420  INFO 15464 --- [    Test worker] c.b.a.domain.posts.PostsRepositoryTest   : Starting PostsRepositoryTest on DESKTOP-CPD68MH with PID 15464 (started by iloo3 in C:\Users\iloo3\IdeaProjects\webservice-test)
2020-11-12 13:15:52.420  INFO 15464 --- [    Test worker] c.b.a.domain.posts.PostsRepositoryTest   : No active profile set, falling back to default profiles: default
2020-11-12 13:15:52.765  INFO 15464 --- [    Test worker] .s.d.r.c.RepositoryConfigurationDelegate : Bootstrapping Spring Data repositories in DEFAULT mode.
2020-11-12 13:15:52.812  INFO 15464 --- [    Test worker] .s.d.r.c.RepositoryConfigurationDelegate : Finished Spring Data repository scanning in 47ms. Found 2 repository interfaces.
2020-11-12 13:15:52.921  INFO 15464 --- [    Test worker] trationDelegate$BeanPostProcessorChecker : Bean 'org.springframework.transaction.annotation.ProxyTransactionManagementConfiguration' of type [org.springframework.transaction.annotation.ProxyTransactionManagementConfiguration$$EnhancerBySpringCGLIB$$e14739df] is not eligible for getting processed by all BeanPostProcessors (for example: not eligible for auto-proxying)
2020-11-12 13:15:53.015  INFO 15464 --- [    Test worker] com.zaxxer.hikari.HikariDataSource       : HikariPool-2 - Starting...
2020-11-12 13:15:53.030  INFO 15464 --- [    Test worker] com.zaxxer.hikari.HikariDataSource       : HikariPool-2 - Start completed.
2020-11-12 13:15:53.046  INFO 15464 --- [    Test worker] o.hibernate.jpa.internal.util.LogHelper  : HHH000204: Processing PersistenceUnitInfo [
	name: default
	...]
2020-11-12 13:15:53.077  INFO 15464 --- [    Test worker] org.hibernate.dialect.Dialect            : HHH000400: Using dialect: org.hibernate.dialect.MySQL5InnoDBDialect
Hibernate: drop table if exists posts
Hibernate: drop table if exists user
Hibernate: create table posts (id bigint not null auto_increment, created_date datetime, modified_date datetime, author varchar(255), content TEXT not null, title varchar(500) not null, primary key (id)) engine=InnoDB
Hibernate: create table user (id bigint not null auto_increment, created_date datetime, modified_date datetime, email varchar(255) not null, name varchar(255) not null, picture varchar(255), role varchar(255) not null, primary key (id)) engine=InnoDB
2020-11-12 13:15:53.124  INFO 15464 --- [    Test worker] o.h.t.schema.internal.SchemaCreatorImpl  : HHH000476: Executing import script 'org.hibernate.tool.schema.internal.exec.ScriptSourceInputNonExistentImpl@5a88793e'
2020-11-12 13:15:53.124  INFO 15464 --- [    Test worker] j.LocalContainerEntityManagerFactoryBean : Initialized JPA EntityManagerFactory for persistence unit 'default'
2020-11-12 13:15:53.343  INFO 15464 --- [    Test worker] o.h.h.i.QueryTranslatorFactoryInitiator  : HHH000397: Using ASTQueryTranslatorFactory
2020-11-12 13:15:53.534  INFO 15464 --- [    Test worker] o.s.s.web.DefaultSecurityFilterChain     : Creating filter chain: any request, [org.springframework.security.web.context.request.async.WebAsyncManagerIntegrationFilter@14db2590, org.springframework.security.web.context.SecurityContextPersistenceFilter@18f1378, org.springframework.security.web.header.HeaderWriterFilter@6d0a7673, org.springframework.security.web.authentication.logout.LogoutFilter@3153283c, org.springframework.security.oauth2.client.web.OAuth2AuthorizationRequestRedirectFilter@190c5e2e, org.springframework.security.oauth2.client.web.OAuth2LoginAuthenticationFilter@2c2b45db, org.springframework.security.web.authentication.ui.DefaultLoginPageGeneratingFilter@483ef690, org.springframework.security.web.authentication.ui.DefaultLogoutPageGeneratingFilter@2d20f5a2, org.springframework.security.web.savedrequest.RequestCacheAwareFilter@692ef91a, org.springframework.security.web.servletapi.SecurityContextHolderAwareRequestFilter@5729b3a2, org.springframework.security.web.authentication.AnonymousAuthenticationFilter@56a62306, org.springframework.security.web.session.SessionManagementFilter@1db04710, org.springframework.security.web.access.ExceptionTranslationFilter@595623f0, org.springframework.security.web.access.intercept.FilterSecurityInterceptor@2703c829]
2020-11-12 13:15:53.900  INFO 15464 --- [    Test worker] o.s.s.concurrent.ThreadPoolTaskExecutor  : Initializing ExecutorService 'applicationTaskExecutor'
2020-11-12 13:15:53.916  WARN 15464 --- [    Test worker] aWebConfiguration$JpaWebMvcConfiguration : spring.jpa.open-in-view is enabled by default. Therefore, database queries may be performed during view rendering. Explicitly configure spring.jpa.open-in-view to disable this warning
2020-11-12 13:15:53.948  INFO 15464 --- [    Test worker] o.s.b.a.w.s.WelcomePageHandlerMapping    : Adding welcome page template: index
2020-11-12 13:15:54.448  INFO 15464 --- [    Test worker] s.a.ScheduledAnnotationBeanPostProcessor : No TaskScheduler/ScheduledExecutorService bean found for scheduled processing
2020-11-12 13:15:54.448  INFO 15464 --- [    Test worker] c.b.a.domain.posts.PostsRepositoryTest   : Started PostsRepositoryTest in 2.059 seconds (JVM running for 15.74)
Hibernate: insert into posts (created_date, modified_date, author, content, title) values (?, ?, ?, ?, ?)
Hibernate: select posts0_.id as id1_0_, posts0_.created_date as created_2_0_, posts0_.modified_date as modified3_0_, posts0_.author as author4_0_, posts0_.content as content5_0_, posts0_.title as title6_0_ from posts posts0_
Hibernate: select posts0_.id as id1_0_, posts0_.created_date as created_2_0_, posts0_.modified_date as modified3_0_, posts0_.author as author4_0_, posts0_.content as content5_0_, posts0_.title as title6_0_ from posts posts0_
Hibernate: delete from posts where id=?
Hibernate: insert into posts (created_date, modified_date, author, content, title) values (?, ?, ?, ?, ?)
Hibernate: select posts0_.id as id1_0_, posts0_.created_date as created_2_0_, posts0_.modified_date as modified3_0_, posts0_.author as author4_0_, posts0_.content as content5_0_, posts0_.title as title6_0_ from posts posts0_
>>>>>>>>> createDte=2020-11-12T13:15:54.464. modifiedDate=2020-11-12T13:15:54.464
Hibernate: select posts0_.id as id1_0_, posts0_.created_date as created_2_0_, posts0_.modified_date as modified3_0_, posts0_.author as author4_0_, posts0_.content as content5_0_, posts0_.title as title6_0_ from posts posts0_
Hibernate: delete from posts where id=?
]]></system-out>
  <system-err><![CDATA[]]></system-err>
</testsuite>
