<?xml version="1.0" encoding="UTF-8"?>
<testsuite name="com.bbang.admin.web.HelloControllerTest" tests="2" skipped="0" failures="0" errors="0" timestamp="2020-11-12T04:15:43" hostname="DESKTOP-CPD68MH" time="0.488">
  <properties/>
  <testcase name="hello가_리턴된다" classname="com.bbang.admin.web.HelloControllerTest" time="0.39"/>
  <testcase name="helloDto가_리턴된다" classname="com.bbang.admin.web.HelloControllerTest" time="0.097"/>
  <system-out><![CDATA[13:15:39.711 [Test worker] DEBUG org.springframework.test.context.junit4.SpringJUnit4ClassRunner - SpringJUnit4ClassRunner constructor called with [class com.bbang.admin.web.HelloControllerTest]
13:15:39.726 [Test worker] DEBUG org.springframework.test.context.BootstrapUtils - Instantiating CacheAwareContextLoaderDelegate from class [org.springframework.test.context.cache.DefaultCacheAwareContextLoaderDelegate]
13:15:39.726 [Test worker] DEBUG org.springframework.test.context.BootstrapUtils - Instantiating BootstrapContext using constructor [public org.springframework.test.context.support.DefaultBootstrapContext(java.lang.Class,org.springframework.test.context.CacheAwareContextLoaderDelegate)]
13:15:39.758 [Test worker] DEBUG org.springframework.test.context.BootstrapUtils - Instantiating TestContextBootstrapper for test class [com.bbang.admin.web.HelloControllerTest] from class [org.springframework.boot.test.autoconfigure.web.servlet.WebMvcTestContextBootstrapper]
13:15:39.789 [Test worker] INFO org.springframework.boot.test.autoconfigure.web.servlet.WebMvcTestContextBootstrapper - Neither @ContextConfiguration nor @ContextHierarchy found for test class [com.bbang.admin.web.HelloControllerTest], using SpringBootContextLoader
13:15:39.789 [Test worker] DEBUG org.springframework.test.context.support.AbstractContextLoader - Did not detect default resource location for test class [com.bbang.admin.web.HelloControllerTest]: class path resource [com/bbang/admin/web/HelloControllerTest-context.xml] does not exist
13:15:39.789 [Test worker] DEBUG org.springframework.test.context.support.AbstractContextLoader - Did not detect default resource location for test class [com.bbang.admin.web.HelloControllerTest]: class path resource [com/bbang/admin/web/HelloControllerTestContext.groovy] does not exist
13:15:39.789 [Test worker] INFO org.springframework.test.context.support.AbstractContextLoader - Could not detect default resource locations for test class [com.bbang.admin.web.HelloControllerTest]: no resource found for suffixes {-context.xml, Context.groovy}.
13:15:39.789 [Test worker] INFO org.springframework.test.context.support.AnnotationConfigContextLoaderUtils - Could not detect default configuration classes for test class [com.bbang.admin.web.HelloControllerTest]: HelloControllerTest does not declare any static, non-private, non-final, nested classes annotated with @Configuration.
13:15:39.871 [Test worker] DEBUG org.springframework.test.context.support.ActiveProfilesUtils - Could not find an 'annotation declaring class' for annotation type [org.springframework.test.context.ActiveProfiles] and class [com.bbang.admin.web.HelloControllerTest]
13:15:39.996 [Test worker] DEBUG org.springframework.context.annotation.ClassPathScanningCandidateComponentProvider - Identified candidate component class: file [C:\Users\iloo3\IdeaProjects\webservice-test\build\classes\java\main\com\bbang\admin\Application.class]
13:15:39.996 [Test worker] INFO org.springframework.boot.test.context.SpringBootTestContextBootstrapper - Found @SpringBootConfiguration com.bbang.admin.Application for test class com.bbang.admin.web.HelloControllerTest
13:15:39.996 [Test worker] DEBUG org.springframework.boot.test.autoconfigure.web.servlet.WebMvcTestContextBootstrapper - @TestExecutionListeners is not present for class [com.bbang.admin.web.HelloControllerTest]: using defaults.
13:15:39.996 [Test worker] INFO org.springframework.boot.test.autoconfigure.web.servlet.WebMvcTestContextBootstrapper - Loaded default TestExecutionListener class names from location [META-INF/spring.factories]: [org.springframework.security.test.context.support.WithSecurityContextTestExecutionListener, org.springframework.security.test.context.support.ReactorContextTestExecutionListener, org.springframework.boot.test.autoconfigure.restdocs.RestDocsTestExecutionListener, org.springframework.boot.test.autoconfigure.web.client.MockRestServiceServerResetTestExecutionListener, org.springframework.boot.test.autoconfigure.web.servlet.MockMvcPrintOnlyOnFailureTestExecutionListener, org.springframework.boot.test.autoconfigure.web.servlet.WebDriverTestExecutionListener, org.springframework.boot.test.mock.mockito.MockitoTestExecutionListener, org.springframework.boot.test.mock.mockito.ResetMocksTestExecutionListener, org.springframework.test.context.web.ServletTestExecutionListener, org.springframework.test.context.support.DirtiesContextBeforeModesTestExecutionListener, org.springframework.test.context.support.DependencyInjectionTestExecutionListener, org.springframework.test.context.support.DirtiesContextTestExecutionListener, org.springframework.test.context.transaction.TransactionalTestExecutionListener, org.springframework.test.context.jdbc.SqlScriptsTestExecutionListener]
13:15:40.029 [Test worker] INFO org.springframework.boot.test.autoconfigure.web.servlet.WebMvcTestContextBootstrapper - Using TestExecutionListeners: [org.springframework.test.context.web.ServletTestExecutionListener@37ecf84d, org.springframework.test.context.support.DirtiesContextBeforeModesTestExecutionListener@7c49a10c, org.springframework.boot.test.mock.mockito.MockitoTestExecutionListener@36342c81, org.springframework.boot.test.autoconfigure.SpringBootDependencyInjectionTestExecutionListener@3a06fab9, org.springframework.test.context.support.DirtiesContextTestExecutionListener@6af85324, org.springframework.test.context.transaction.TransactionalTestExecutionListener@5b08deb6, org.springframework.test.context.jdbc.SqlScriptsTestExecutionListener@4c4fb172, org.springframework.security.test.context.support.WithSecurityContextTestExecutionListener@41114970, org.springframework.security.test.context.support.ReactorContextTestExecutionListener@69d85305, org.springframework.boot.test.autoconfigure.restdocs.RestDocsTestExecutionListener@74b8dde6, org.springframework.boot.test.autoconfigure.web.client.MockRestServiceServerResetTestExecutionListener@45cd3622, org.springframework.boot.test.autoconfigure.web.servlet.MockMvcPrintOnlyOnFailureTestExecutionListener@e5cbd22, org.springframework.boot.test.autoconfigure.web.servlet.WebDriverTestExecutionListener@25378797, org.springframework.boot.test.mock.mockito.ResetMocksTestExecutionListener@17d2393a]
13:15:40.029 [Test worker] DEBUG org.springframework.test.annotation.ProfileValueUtils - Retrieved @ProfileValueSourceConfiguration [null] for test class [com.bbang.admin.web.HelloControllerTest]
13:15:40.029 [Test worker] DEBUG org.springframework.test.annotation.ProfileValueUtils - Retrieved ProfileValueSource type [class org.springframework.test.annotation.SystemProfileValueSource] for class [com.bbang.admin.web.HelloControllerTest]
13:15:40.029 [Test worker] DEBUG org.springframework.test.annotation.ProfileValueUtils - Retrieved @ProfileValueSourceConfiguration [null] for test class [com.bbang.admin.web.HelloControllerTest]
13:15:40.029 [Test worker] DEBUG org.springframework.test.annotation.ProfileValueUtils - Retrieved ProfileValueSource type [class org.springframework.test.annotation.SystemProfileValueSource] for class [com.bbang.admin.web.HelloControllerTest]
13:15:40.044 [Test worker] DEBUG org.springframework.test.context.support.AbstractDirtiesContextTestExecutionListener - Before test class: context [DefaultTestContext@7a0bb050 testClass = HelloControllerTest, testInstance = [null], testMethod = [null], testException = [null], mergedContextConfiguration = [WebMergedContextConfiguration@4fc78737 testClass = HelloControllerTest, locations = '{}', classes = '{class com.bbang.admin.Application}', contextInitializerClasses = '[]', activeProfiles = '{}', propertySourceLocations = '{}', propertySourceProperties = '{org.springframework.boot.test.autoconfigure.web.servlet.WebMvcTestContextBootstrapper=true}', contextCustomizers = set[org.springframework.boot.test.autoconfigure.OverrideAutoConfigurationContextCustomizerFactory$DisableAutoConfigurationContextCustomizer@45211afe, org.springframework.boot.test.autoconfigure.filter.TypeExcludeFiltersContextCustomizer@e2a72d03, org.springframework.boot.test.autoconfigure.properties.PropertyMappingContextCustomizer@fa2498d2, org.springframework.boot.test.autoconfigure.web.servlet.WebDriverContextCustomizerFactory$Customizer@1b516c91, [ImportsContextCustomizer@3d00181c key = [org.springframework.boot.autoconfigure.cache.CacheAutoConfiguration, org.springframework.boot.autoconfigure.context.MessageSourceAutoConfiguration, org.springframework.boot.autoconfigure.data.web.SpringDataWebAutoConfiguration, org.springframework.boot.autoconfigure.freemarker.FreeMarkerAutoConfiguration, org.springframework.boot.autoconfigure.groovy.template.GroovyTemplateAutoConfiguration, org.springframework.boot.autoconfigure.gson.GsonAutoConfiguration, org.springframework.boot.autoconfigure.hateoas.HypermediaAutoConfiguration, org.springframework.boot.autoconfigure.http.HttpMessageConvertersAutoConfiguration, org.springframework.boot.autoconfigure.jackson.JacksonAutoConfiguration, org.springframework.boot.autoconfigure.jsonb.JsonbAutoConfiguration, org.springframework.boot.autoconfigure.mustache.MustacheAutoConfiguration, org.springframework.boot.autoconfigure.task.TaskExecutionAutoConfiguration, org.springframework.boot.autoconfigure.thymeleaf.ThymeleafAutoConfiguration, org.springframework.boot.autoconfigure.validation.ValidationAutoConfiguration, org.springframework.boot.autoconfigure.web.servlet.error.ErrorMvcAutoConfiguration, org.springframework.boot.autoconfigure.web.servlet.WebMvcAutoConfiguration, org.springframework.boot.test.autoconfigure.web.servlet.MockMvcAutoConfiguration, org.springframework.boot.test.autoconfigure.web.servlet.MockMvcSecurityAutoConfiguration, org.springframework.boot.test.autoconfigure.web.servlet.MockMvcWebClientAutoConfiguration, org.springframework.boot.test.autoconfigure.web.servlet.MockMvcWebDriverAutoConfiguration]], org.springframework.boot.test.context.filter.ExcludeFilterContextCustomizer@60448bbe, org.springframework.boot.test.json.DuplicateJsonObjectContextCustomizerFactory$DuplicateJsonObjectContextCustomizer@7dc3a073, org.springframework.boot.test.mock.mockito.MockitoContextCustomizer@0], resourceBasePath = 'src/main/webapp', contextLoader = 'org.springframework.boot.test.context.SpringBootContextLoader', parent = [null]], attributes = map[[empty]]], class annotated with @DirtiesContext [false] with mode [null].
13:15:40.044 [Test worker] DEBUG org.springframework.test.annotation.ProfileValueUtils - Retrieved @ProfileValueSourceConfiguration [null] for test class [com.bbang.admin.web.HelloControllerTest]
13:15:40.044 [Test worker] DEBUG org.springframework.test.annotation.ProfileValueUtils - Retrieved ProfileValueSource type [class org.springframework.test.annotation.SystemProfileValueSource] for class [com.bbang.admin.web.HelloControllerTest]
13:15:40.044 [Test worker] DEBUG org.springframework.test.context.support.DependencyInjectionTestExecutionListener - Performing dependency injection for test context [[DefaultTestContext@7a0bb050 testClass = HelloControllerTest, testInstance = com.bbang.admin.web.HelloControllerTest@1b5f5d88, testMethod = [null], testException = [null], mergedContextConfiguration = [WebMergedContextConfiguration@4fc78737 testClass = HelloControllerTest, locations = '{}', classes = '{class com.bbang.admin.Application}', contextInitializerClasses = '[]', activeProfiles = '{}', propertySourceLocations = '{}', propertySourceProperties = '{org.springframework.boot.test.autoconfigure.web.servlet.WebMvcTestContextBootstrapper=true}', contextCustomizers = set[org.springframework.boot.test.autoconfigure.OverrideAutoConfigurationContextCustomizerFactory$DisableAutoConfigurationContextCustomizer@45211afe, org.springframework.boot.test.autoconfigure.filter.TypeExcludeFiltersContextCustomizer@e2a72d03, org.springframework.boot.test.autoconfigure.properties.PropertyMappingContextCustomizer@fa2498d2, org.springframework.boot.test.autoconfigure.web.servlet.WebDriverContextCustomizerFactory$Customizer@1b516c91, [ImportsContextCustomizer@3d00181c key = [org.springframework.boot.autoconfigure.cache.CacheAutoConfiguration, org.springframework.boot.autoconfigure.context.MessageSourceAutoConfiguration, org.springframework.boot.autoconfigure.data.web.SpringDataWebAutoConfiguration, org.springframework.boot.autoconfigure.freemarker.FreeMarkerAutoConfiguration, org.springframework.boot.autoconfigure.groovy.template.GroovyTemplateAutoConfiguration, org.springframework.boot.autoconfigure.gson.GsonAutoConfiguration, org.springframework.boot.autoconfigure.hateoas.HypermediaAutoConfiguration, org.springframework.boot.autoconfigure.http.HttpMessageConvertersAutoConfiguration, org.springframework.boot.autoconfigure.jackson.JacksonAutoConfiguration, org.springframework.boot.autoconfigure.jsonb.JsonbAutoConfiguration, org.springframework.boot.autoconfigure.mustache.MustacheAutoConfiguration, org.springframework.boot.autoconfigure.task.TaskExecutionAutoConfiguration, org.springframework.boot.autoconfigure.thymeleaf.ThymeleafAutoConfiguration, org.springframework.boot.autoconfigure.validation.ValidationAutoConfiguration, org.springframework.boot.autoconfigure.web.servlet.error.ErrorMvcAutoConfiguration, org.springframework.boot.autoconfigure.web.servlet.WebMvcAutoConfiguration, org.springframework.boot.test.autoconfigure.web.servlet.MockMvcAutoConfiguration, org.springframework.boot.test.autoconfigure.web.servlet.MockMvcSecurityAutoConfiguration, org.springframework.boot.test.autoconfigure.web.servlet.MockMvcWebClientAutoConfiguration, org.springframework.boot.test.autoconfigure.web.servlet.MockMvcWebDriverAutoConfiguration]], org.springframework.boot.test.context.filter.ExcludeFilterContextCustomizer@60448bbe, org.springframework.boot.test.json.DuplicateJsonObjectContextCustomizerFactory$DuplicateJsonObjectContextCustomizer@7dc3a073, org.springframework.boot.test.mock.mockito.MockitoContextCustomizer@0], resourceBasePath = 'src/main/webapp', contextLoader = 'org.springframework.boot.test.context.SpringBootContextLoader', parent = [null]], attributes = map[[empty]]]].
13:15:40.200 [Test worker] DEBUG org.springframework.test.context.support.TestPropertySourceUtils - Adding inlined properties to environment: {spring.jmx.enabled=false, org.springframework.boot.test.autoconfigure.web.servlet.WebMvcTestContextBootstrapper=true, server.port=-1}

  .   ____          _            __ _ _
 /\\ / ___'_ __ _ _(_)_ __  __ _ \ \ \ \
( ( )\___ | '_ | '_| | '_ \/ _` | \ \ \ \
 \\/  ___)| |_)| | | | | || (_| |  ) ) ) )
  '  |____| .__|_| |_|_| |_\__, | / / / /
 =========|_|==============|___/=/_/_/_/
 :: Spring Boot ::        (v2.1.7.RELEASE)

2020-11-12 13:15:40.596  INFO 15464 --- [    Test worker] com.bbang.admin.web.HelloControllerTest  : Starting HelloControllerTest on DESKTOP-CPD68MH with PID 15464 (started by iloo3 in C:\Users\iloo3\IdeaProjects\webservice-test)
2020-11-12 13:15:40.596  INFO 15464 --- [    Test worker] com.bbang.admin.web.HelloControllerTest  : No active profile set, falling back to default profiles: default
2020-11-12 13:15:42.542  INFO 15464 --- [    Test worker] o.s.s.concurrent.ThreadPoolTaskExecutor  : Initializing ExecutorService 'applicationTaskExecutor'
2020-11-12 13:15:42.667  INFO 15464 --- [    Test worker] o.s.b.a.w.s.WelcomePageHandlerMapping    : Adding welcome page template: index
2020-11-12 13:15:43.165  INFO 15464 --- [    Test worker] .s.s.UserDetailsServiceAutoConfiguration : 

Using generated security password: 415c7203-2b42-4a0f-8b4f-5a71920f08af

2020-11-12 13:15:43.520  INFO 15464 --- [    Test worker] o.s.s.web.DefaultSecurityFilterChain     : Creating filter chain: any request, [org.springframework.security.web.context.request.async.WebAsyncManagerIntegrationFilter@3da6f337, org.springframework.security.web.context.SecurityContextPersistenceFilter@63db6cb8, org.springframework.security.web.header.HeaderWriterFilter@2308d427, org.springframework.security.web.csrf.CsrfFilter@5fb6513b, org.springframework.security.web.authentication.logout.LogoutFilter@1236259d, org.springframework.security.web.authentication.UsernamePasswordAuthenticationFilter@31c482ec, org.springframework.security.web.authentication.ui.DefaultLoginPageGeneratingFilter@7497c191, org.springframework.security.web.authentication.ui.DefaultLogoutPageGeneratingFilter@293960c3, org.springframework.security.web.authentication.www.BasicAuthenticationFilter@21a89137, org.springframework.security.web.savedrequest.RequestCacheAwareFilter@2ddfe3a5, org.springframework.security.web.servletapi.SecurityContextHolderAwareRequestFilter@12dd50aa, org.springframework.security.web.authentication.AnonymousAuthenticationFilter@ddb2b99, org.springframework.security.web.session.SessionManagementFilter@14250899, org.springframework.security.web.access.ExceptionTranslationFilter@65fa5003, org.springframework.security.web.access.intercept.FilterSecurityInterceptor@651cc92f]
2020-11-12 13:15:43.598  INFO 15464 --- [    Test worker] o.s.b.t.m.w.SpringBootMockServletContext : Initializing Spring TestDispatcherServlet ''
2020-11-12 13:15:43.598  INFO 15464 --- [    Test worker] o.s.t.web.servlet.TestDispatcherServlet  : Initializing Servlet ''
2020-11-12 13:15:43.629  INFO 15464 --- [    Test worker] o.s.t.web.servlet.TestDispatcherServlet  : Completed initialization in 31 ms
2020-11-12 13:15:43.691  INFO 15464 --- [    Test worker] com.bbang.admin.web.HelloControllerTest  : Started HelloControllerTest in 3.491 seconds (JVM running for 4.981)
]]></system-out>
  <system-err><![CDATA[]]></system-err>
</testsuite>
