<?xml version="1.0" encoding="UTF-8"?>
<testsuite name="com.bbang.admin.web.IndexControllerTest" tests="1" skipped="0" failures="0" errors="0" timestamp="2020-11-12T04:15:54" hostname="DESKTOP-CPD68MH" time="0.182">
  <properties/>
  <testcase name="메인페이지_로딩" classname="com.bbang.admin.web.IndexControllerTest" time="0.182"/>
  <system-out><![CDATA[2020-11-12 13:15:54.495  INFO 15464 --- [    Test worker] .b.t.c.SpringBootTestContextBootstrapper : Neither @ContextConfiguration nor @ContextHierarchy found for test class [com.bbang.admin.web.IndexControllerTest], using SpringBootContextLoader
2020-11-12 13:15:54.495  INFO 15464 --- [    Test worker] o.s.t.c.support.AbstractContextLoader    : Could not detect default resource locations for test class [com.bbang.admin.web.IndexControllerTest]: no resource found for suffixes {-context.xml, Context.groovy}.
2020-11-12 13:15:54.495  INFO 15464 --- [    Test worker] t.c.s.AnnotationConfigContextLoaderUtils : Could not detect default configuration classes for test class [com.bbang.admin.web.IndexControllerTest]: IndexControllerTest does not declare any static, non-private, non-final, nested classes annotated with @Configuration.
2020-11-12 13:15:54.495  INFO 15464 --- [    Test worker] .b.t.c.SpringBootTestContextBootstrapper : Found @SpringBootConfiguration com.bbang.admin.Application for test class com.bbang.admin.web.IndexControllerTest
2020-11-12 13:15:54.495  INFO 15464 --- [    Test worker] .b.t.c.SpringBootTestContextBootstrapper : Loaded default TestExecutionListener class names from location [META-INF/spring.factories]: [org.springframework.security.test.context.support.WithSecurityContextTestExecutionListener, org.springframework.security.test.context.support.ReactorContextTestExecutionListener, org.springframework.boot.test.autoconfigure.restdocs.RestDocsTestExecutionListener, org.springframework.boot.test.autoconfigure.web.client.MockRestServiceServerResetTestExecutionListener, org.springframework.boot.test.autoconfigure.web.servlet.MockMvcPrintOnlyOnFailureTestExecutionListener, org.springframework.boot.test.autoconfigure.web.servlet.WebDriverTestExecutionListener, org.springframework.boot.test.mock.mockito.MockitoTestExecutionListener, org.springframework.boot.test.mock.mockito.ResetMocksTestExecutionListener, org.springframework.test.context.web.ServletTestExecutionListener, org.springframework.test.context.support.DirtiesContextBeforeModesTestExecutionListener, org.springframework.test.context.support.DependencyInjectionTestExecutionListener, org.springframework.test.context.support.DirtiesContextTestExecutionListener, org.springframework.test.context.transaction.TransactionalTestExecutionListener, org.springframework.test.context.jdbc.SqlScriptsTestExecutionListener]
2020-11-12 13:15:54.495  INFO 15464 --- [    Test worker] .b.t.c.SpringBootTestContextBootstrapper : Using TestExecutionListeners: [org.springframework.test.context.web.ServletTestExecutionListener@220cbfe9, org.springframework.test.context.support.DirtiesContextBeforeModesTestExecutionListener@4a86f9b0, org.springframework.boot.test.mock.mockito.MockitoTestExecutionListener@e254373, org.springframework.boot.test.autoconfigure.SpringBootDependencyInjectionTestExecutionListener@5f6032d5, org.springframework.test.context.support.DirtiesContextTestExecutionListener@18542d27, org.springframework.test.context.transaction.TransactionalTestExecutionListener@65621ce4, org.springframework.test.context.jdbc.SqlScriptsTestExecutionListener@41f8f5e0, org.springframework.security.test.context.support.WithSecurityContextTestExecutionListener@1fd08190, org.springframework.security.test.context.support.ReactorContextTestExecutionListener@2654aa58, org.springframework.boot.test.autoconfigure.restdocs.RestDocsTestExecutionListener@53a4074a, org.springframework.boot.test.autoconfigure.web.client.MockRestServiceServerResetTestExecutionListener@55f5bf2b, org.springframework.boot.test.autoconfigure.web.servlet.MockMvcPrintOnlyOnFailureTestExecutionListener@4eb27804, org.springframework.boot.test.autoconfigure.web.servlet.WebDriverTestExecutionListener@4db71de0, org.springframework.boot.test.mock.mockito.ResetMocksTestExecutionListener@3edadd4b]
2020-11-12 13:15:54.604  INFO 15464 --- [o-auto-1-exec-1] o.a.c.c.C.[Tomcat].[localhost].[/]       : Initializing Spring DispatcherServlet 'dispatcherServlet'
2020-11-12 13:15:54.604  INFO 15464 --- [o-auto-1-exec-1] o.s.web.servlet.DispatcherServlet        : Initializing Servlet 'dispatcherServlet'
2020-11-12 13:15:54.604  INFO 15464 --- [o-auto-1-exec-1] o.s.web.servlet.DispatcherServlet        : Completed initialization in 0 ms
Hibernate: select posts0_.id as id1_0_, posts0_.created_date as created_2_0_, posts0_.modified_date as modified3_0_, posts0_.author as author4_0_, posts0_.content as content5_0_, posts0_.title as title6_0_ from posts posts0_ order by posts0_.id DESC
]]></system-out>
  <system-err><![CDATA[]]></system-err>
</testsuite>
