<?xml version="1.0" encoding="UTF-8"?>
<testsuite name="com.bbang.admin.web.dto.HelloResponseDtoTest" tests="1" skipped="0" failures="0" errors="0" timestamp="2020-11-12T04:15:54" hostname="DESKTOP-CPD68MH" time="0.003">
  <properties/>
  <testcase name="롬복_기능_테스트" classname="com.bbang.admin.web.dto.HelloResponseDtoTest" time="0.003"/>
  <system-out><![CDATA[]]></system-out>
  <system-err><![CDATA[]]></system-err>
</testsuite>
